<?xml version="1.0" encoding="UTF-8"?>
<!-- Generated by org.testng.reporters.JUnitXMLReporter -->
<testsuite hostname="Amanda" name="authority" tests="17" failures="0" timestamp="14 Dec 2017 07:27:02 GMT" time="258.468" errors="0">
  <testcase name="Login" time="16.795" classname="Pear.authority.AddAuthority"/>
  <testcase name="add" time="13.335" classname="Pear.authority.AddAuthority"/>
  <testcase name="add" time="13.283" classname="Pear.authority.AddAuthority"/>
  <testcase name="add" time="13.262" classname="Pear.authority.AddAuthority"/>
  <testcase name="add" time="13.159" classname="Pear.authority.AddAuthority"/>
  <testcase name="Login" time="10.245" classname="Pear.authority.AddAuthorityClick"/>
  <testcase name="Click" time="6.956" classname="Pear.authority.AddAuthorityClick"/>
  <testcase name="Login" time="10.729" classname="Pear.authority.AuthorityClick"/>
  <testcase name="Click" time="3.333" classname="Pear.authority.AuthorityClick"/>
  <testcase name="Login" time="10.607" classname="Pear.authority.AuthorityListClick"/>
  <testcase name="Click" time="6.804" classname="Pear.authority.AuthorityListClick"/>
  <testcase name="Login" time="10.398" classname="Pear.authority.DetailsClick"/>
  <testcase name="Click" time="10.099" classname="Pear.authority.DetailsClick"/>
  <testcase name="Login" time="10.18" classname="Pear.authority.RemoveMember"/>
  <testcase name="remove" time="9.882" classname="Pear.authority.RemoveMember"/>
  <testcase name="Login" time="10.548" classname="Pear.authority.ViewAuthorityClick"/>
  <testcase name="Click" time="6.72" classname="Pear.authority.ViewAuthorityClick"/>
</testsuite> <!-- authority -->
