<?xml version="1.0" encoding="UTF-8"?>
<!-- Generated by org.testng.reporters.JUnitXMLReporter -->
<testsuite hostname="Amanda" name="link" tests="22" failures="0" timestamp="13 Dec 2017 01:49:03 GMT" time="15.614" errors="0">
  <testcase name="@AfterClass doAfterMethod" time="0.0" classname="Pear.link.AddLink">
    <failure type="org.openqa.selenium.SessionNotCreatedException" message="Tried to run command without establishing a connection
Build info: version: &amp;apos;3.6.0&amp;apos;, revision: &amp;apos;6fbf3ec767&amp;apos;, time: &amp;apos;2017-09-27T16:15:40.131Z&amp;apos;
System info: host: &amp;apos;AMANDA&amp;apos;, ip: &amp;apos;192.168.107.1&amp;apos;, os.name: &amp;apos;Windows 10&amp;apos;, os.arch: &amp;apos;amd64&amp;apos;, os.version: &amp;apos;10.0&amp;apos;, java.version: &amp;apos;1.8.0_131&amp;apos;
Driver info: org.openqa.selenium.firefox.FirefoxDriver
Capabilities [{moz:profile=C:\Users\75910\AppData\Local\Temp\rust_mozprofile.P2tnGoWwT7fe, rotatable=false, timeouts={implicit=0, pageLoad=300000, script=30000}, pageLoadStrategy=normal, platform=XP, specificationLevel=0, moz:accessibilityChecks=false, acceptInsecureCerts=true, browserVersion=55.0, platformVersion=10.0, moz:processID=21836, browserName=firefox, javascriptEnabled=true, platformName=XP}]
Session ID: e6043f4a-aade-44c8-a15c-4d37f688eb71">
      <![CDATA[org.openqa.selenium.SessionNotCreatedException: Tried to run command without establishing a connection
Build info: version: '3.6.0', revision: '6fbf3ec767', time: '2017-09-27T16:15:40.131Z'
System info: host: 'AMANDA', ip: '192.168.107.1', os.name: 'Windows 10', os.arch: 'amd64', os.version: '10.0', java.version: '1.8.0_131'
Driver info: org.openqa.selenium.firefox.FirefoxDriver
Capabilities [{moz:profile=C:\Users\75910\AppData\Local\Temp\rust_mozprofile.P2tnGoWwT7fe, rotatable=false, timeouts={implicit=0, pageLoad=300000, script=30000}, pageLoadStrategy=normal, platform=XP, specificationLevel=0, moz:accessibilityChecks=false, acceptInsecureCerts=true, browserVersion=55.0, platformVersion=10.0, moz:processID=21836, browserName=firefox, javascriptEnabled=true, platformName=XP}]
Session ID: e6043f4a-aade-44c8-a15c-4d37f688eb71
	at org.openqa.selenium.remote.http.W3CHttpResponseCodec.createException(W3CHttpResponseCodec.java:185)
	at org.openqa.selenium.remote.http.W3CHttpResponseCodec.decode(W3CHttpResponseCodec.java:120)
	at org.openqa.selenium.remote.http.W3CHttpResponseCodec.decode(W3CHttpResponseCodec.java:49)
	at org.openqa.selenium.remote.HttpCommandExecutor.execute(HttpCommandExecutor.java:164)
	at org.openqa.selenium.remote.service.DriverCommandExecutor.execute(DriverCommandExecutor.java:83)
	at org.openqa.selenium.remote.RemoteWebDriver.execute(RemoteWebDriver.java:586)
	at org.openqa.selenium.remote.RemoteWebDriver.execute(RemoteWebDriver.java:643)
	at org.openqa.selenium.remote.RemoteWebDriver.quit(RemoteWebDriver.java:482)
	at com.webtest.core.BaseTest.doAfterMethod(Unknown Source)
... Removed 26 stack frames]]>
    </failure>
  </testcase> <!-- @AfterClass doAfterMethod -->
  <testcase name="@BeforeClass doBeforeMethod" time="0.0" classname="Pear.link.AddLinkListClick">
    <skipped/>
  </testcase> <!-- @BeforeClass doBeforeMethod -->
  <testcase name="@AfterClass doAfterMethod" time="0.0" classname="Pear.link.AddLinkListClick">
    <skipped/>
  </testcase> <!-- @AfterClass doAfterMethod -->
  <testcase name="@BeforeClass doBeforeMethod" time="0.0" classname="Pear.link.AddLinkSearch">
    <skipped/>
  </testcase> <!-- @BeforeClass doBeforeMethod -->
  <testcase name="@AfterClass doAfterMethod" time="0.0" classname="Pear.link.AddLinkSearch">
    <skipped/>
  </testcase> <!-- @AfterClass doAfterMethod -->
  <testcase name="@BeforeClass doBeforeMethod" time="0.0" classname="Pear.link.ChangeClickNew">
    <skipped/>
  </testcase> <!-- @BeforeClass doBeforeMethod -->
  <testcase name="@AfterClass doAfterMethod" time="0.0" classname="Pear.link.ChangeClickNew">
    <skipped/>
  </testcase> <!-- @AfterClass doAfterMethod -->
  <testcase name="@BeforeClass doBeforeMethod" time="0.0" classname="Pear.link.ChangeLinkAbandon">
    <skipped/>
  </testcase> <!-- @BeforeClass doBeforeMethod -->
  <testcase name="@AfterClass doAfterMethod" time="0.0" classname="Pear.link.ChangeLinkAbandon">
    <skipped/>
  </testcase> <!-- @AfterClass doAfterMethod -->
  <testcase name="@BeforeClass doBeforeMethod" time="0.0" classname="Pear.link.ChangeLinkAppear">
    <skipped/>
  </testcase> <!-- @BeforeClass doBeforeMethod -->
  <testcase name="@AfterClass doAfterMethod" time="0.0" classname="Pear.link.ChangeLinkAppear">
    <skipped/>
  </testcase> <!-- @AfterClass doAfterMethod -->
  <testcase name="@BeforeClass doBeforeMethod" time="0.0" classname="Pear.link.LinkClick">
    <skipped/>
  </testcase> <!-- @BeforeClass doBeforeMethod -->
  <testcase name="@AfterClass doAfterMethod" time="0.0" classname="Pear.link.LinkClick">
    <skipped/>
  </testcase> <!-- @AfterClass doAfterMethod -->
  <testcase name="@BeforeClass doBeforeMethod" time="0.0" classname="Pear.link.LinkListClick">
    <skipped/>
  </testcase> <!-- @BeforeClass doBeforeMethod -->
  <testcase name="@AfterClass doAfterMethod" time="0.0" classname="Pear.link.LinkListClick">
    <skipped/>
  </testcase> <!-- @AfterClass doAfterMethod -->
  <testcase name="@BeforeClass doBeforeMethod" time="0.0" classname="Pear.link.LinkListSearch">
    <skipped/>
  </testcase> <!-- @BeforeClass doBeforeMethod -->
  <testcase name="@AfterClass doAfterMethod" time="0.0" classname="Pear.link.LinkListSearch">
    <skipped/>
  </testcase> <!-- @AfterClass doAfterMethod -->
  <testcase name="@BeforeClass doBeforeMethod" time="0.0" classname="Pear.link.RemoveLink">
    <skipped/>
  </testcase> <!-- @BeforeClass doBeforeMethod -->
  <testcase name="@AfterClass doAfterMethod" time="0.0" classname="Pear.link.RemoveLink">
    <skipped/>
  </testcase> <!-- @AfterClass doAfterMethod -->
  <testcase name="Login" time="5.785" classname="Pear.link.AddLink"/>
  <testcase name="add" time="0.031" classname="Pear.link.AddLink"/>
  <testcase name="add" time="0.031" classname="Pear.link.AddLink"/>
  <testcase name="add" time="0.038" classname="Pear.link.AddLink"/>
  <testcase name="Login" time="0.0" classname="Pear.link.AddLinkListClick">
    <skipped/>
  </testcase> <!-- Login -->
  <testcase name="Click" time="0.0" classname="Pear.link.AddLinkListClick">
    <skipped/>
  </testcase> <!-- Click -->
  <testcase name="Login" time="0.0" classname="Pear.link.AddLinkSearch">
    <skipped/>
  </testcase> <!-- Login -->
  <testcase name="Search" time="0.0" classname="Pear.link.AddLinkSearch">
    <skipped/>
  </testcase> <!-- Search -->
  <testcase name="Login" time="0.0" classname="Pear.link.ChangeClickNew">
    <skipped/>
  </testcase> <!-- Login -->
  <testcase name="change" time="0.0" classname="Pear.link.ChangeClickNew">
    <skipped/>
  </testcase> <!-- change -->
  <testcase name="Login" time="0.0" classname="Pear.link.ChangeLinkAbandon">
    <skipped/>
  </testcase> <!-- Login -->
  <testcase name="change" time="0.0" classname="Pear.link.ChangeLinkAbandon">
    <skipped/>
  </testcase> <!-- change -->
  <testcase name="Login" time="0.0" classname="Pear.link.ChangeLinkAppear">
    <skipped/>
  </testcase> <!-- Login -->
  <testcase name="change" time="0.0" classname="Pear.link.ChangeLinkAppear">
    <skipped/>
  </testcase> <!-- change -->
  <testcase name="Login" time="0.0" classname="Pear.link.LinkClick">
    <skipped/>
  </testcase> <!-- Login -->
  <testcase name="Click" time="0.0" classname="Pear.link.LinkClick">
    <skipped/>
  </testcase> <!-- Click -->
  <testcase name="Login" time="0.0" classname="Pear.link.LinkListClick">
    <skipped/>
  </testcase> <!-- Login -->
  <testcase name="Click" time="0.0" classname="Pear.link.LinkListClick">
    <skipped/>
  </testcase> <!-- Click -->
  <testcase name="Login" time="0.0" classname="Pear.link.LinkListSearch">
    <skipped/>
  </testcase> <!-- Login -->
  <testcase name="Search" time="0.0" classname="Pear.link.LinkListSearch">
    <skipped/>
  </testcase> <!-- Search -->
  <testcase name="Login" time="0.0" classname="Pear.link.RemoveLink">
    <skipped/>
  </testcase> <!-- Login -->
  <testcase name="remove" time="0.0" classname="Pear.link.RemoveLink">
    <skipped/>
  </testcase> <!-- remove -->
</testsuite> <!-- link -->
