<?xml version="1.0" encoding="UTF-8"?>
<!-- Generated by org.testng.reporters.JUnitXMLReporter -->
<testsuite hostname="Amanda" name="link" tests="22" failures="0" timestamp="14 Dec 2017 07:22:43 GMT" time="359.056" errors="0">
  <testcase name="Login" time="10.277" classname="Pear.link.AddLink"/>
  <testcase name="add" time="13.835" classname="Pear.link.AddLink"/>
  <testcase name="add" time="13.801" classname="Pear.link.AddLink"/>
  <testcase name="add" time="13.675" classname="Pear.link.AddLink"/>
  <testcase name="Login" time="10.807" classname="Pear.link.AddLinkListClick"/>
  <testcase name="Click" time="7.121" classname="Pear.link.AddLinkListClick"/>
  <testcase name="Login" time="11.06" classname="Pear.link.AddLinkSearch"/>
  <testcase name="Search" time="6.863" classname="Pear.link.AddLinkSearch"/>
  <testcase name="Login" time="10.664" classname="Pear.link.ChangeClickNew"/>
  <testcase name="change" time="17.302" classname="Pear.link.ChangeClickNew"/>
  <testcase name="Login" time="10.624" classname="Pear.link.ChangeLinkAbandon"/>
  <testcase name="change" time="17.823" classname="Pear.link.ChangeLinkAbandon"/>
  <testcase name="Login" time="10.196" classname="Pear.link.ChangeLinkAppear"/>
  <testcase name="change" time="17.543" classname="Pear.link.ChangeLinkAppear"/>
  <testcase name="Login" time="9.964" classname="Pear.link.LinkClick"/>
  <testcase name="Click" time="3.283" classname="Pear.link.LinkClick"/>
  <testcase name="Login" time="10.366" classname="Pear.link.LinkListClick"/>
  <testcase name="Click" time="6.969" classname="Pear.link.LinkListClick"/>
  <testcase name="Login" time="10.005" classname="Pear.link.LinkListSearch"/>
  <testcase name="Search" time="10.461" classname="Pear.link.LinkListSearch"/>
  <testcase name="Login" time="10.368" classname="Pear.link.RemoveLink"/>
  <testcase name="remove" time="10.109" classname="Pear.link.RemoveLink"/>
</testsuite> <!-- link -->
