<?xml version="1.0" encoding="UTF-8"?>
<!-- Generated by org.testng.reporters.JUnitXMLReporter -->
<testsuite hostname="Amanda" name="login" tests="7" failures="1" timestamp="13 Dec 2017 01:47:49 GMT" time="48.992" errors="0">
  <testcase name="@AfterClass doAfterMethod" time="0.0" classname="Pear.login.PersonalCenter">
    <failure type="org.openqa.selenium.SessionNotCreatedException" message="Tried to run command without establishing a connection
Build info: version: &amp;apos;3.6.0&amp;apos;, revision: &amp;apos;6fbf3ec767&amp;apos;, time: &amp;apos;2017-09-27T16:15:40.131Z&amp;apos;
System info: host: &amp;apos;AMANDA&amp;apos;, ip: &amp;apos;192.168.107.1&amp;apos;, os.name: &amp;apos;Windows 10&amp;apos;, os.arch: &amp;apos;amd64&amp;apos;, os.version: &amp;apos;10.0&amp;apos;, java.version: &amp;apos;1.8.0_131&amp;apos;
Driver info: org.openqa.selenium.firefox.FirefoxDriver
Capabilities [{moz:profile=C:\Users\75910\AppData\Local\Temp\rust_mozprofile.4GvqjcFp0Yn3, rotatable=false, timeouts={implicit=0, pageLoad=300000, script=30000}, pageLoadStrategy=normal, platform=XP, specificationLevel=0, moz:accessibilityChecks=false, acceptInsecureCerts=true, browserVersion=55.0, platformVersion=10.0, moz:processID=22344, browserName=firefox, javascriptEnabled=true, platformName=XP}]
Session ID: 558c84d8-f4d1-46e6-8da7-105b4b0fd4f2">
      <![CDATA[org.openqa.selenium.SessionNotCreatedException: Tried to run command without establishing a connection
Build info: version: '3.6.0', revision: '6fbf3ec767', time: '2017-09-27T16:15:40.131Z'
System info: host: 'AMANDA', ip: '192.168.107.1', os.name: 'Windows 10', os.arch: 'amd64', os.version: '10.0', java.version: '1.8.0_131'
Driver info: org.openqa.selenium.firefox.FirefoxDriver
Capabilities [{moz:profile=C:\Users\75910\AppData\Local\Temp\rust_mozprofile.4GvqjcFp0Yn3, rotatable=false, timeouts={implicit=0, pageLoad=300000, script=30000}, pageLoadStrategy=normal, platform=XP, specificationLevel=0, moz:accessibilityChecks=false, acceptInsecureCerts=true, browserVersion=55.0, platformVersion=10.0, moz:processID=22344, browserName=firefox, javascriptEnabled=true, platformName=XP}]
Session ID: 558c84d8-f4d1-46e6-8da7-105b4b0fd4f2
	at org.openqa.selenium.remote.http.W3CHttpResponseCodec.createException(W3CHttpResponseCodec.java:185)
	at org.openqa.selenium.remote.http.W3CHttpResponseCodec.decode(W3CHttpResponseCodec.java:120)
	at org.openqa.selenium.remote.http.W3CHttpResponseCodec.decode(W3CHttpResponseCodec.java:49)
	at org.openqa.selenium.remote.HttpCommandExecutor.execute(HttpCommandExecutor.java:164)
	at org.openqa.selenium.remote.service.DriverCommandExecutor.execute(DriverCommandExecutor.java:83)
	at org.openqa.selenium.remote.RemoteWebDriver.execute(RemoteWebDriver.java:586)
	at org.openqa.selenium.remote.RemoteWebDriver.execute(RemoteWebDriver.java:643)
	at org.openqa.selenium.remote.RemoteWebDriver.quit(RemoteWebDriver.java:482)
	at com.webtest.core.BaseTest.doAfterMethod(Unknown Source)
... Removed 27 stack frames]]>
    </failure>
  </testcase> <!-- @AfterClass doAfterMethod -->
  <testcase name="@BeforeClass doBeforeMethod" time="0.0" classname="Pear.login.ResetInfo">
    <skipped/>
  </testcase> <!-- @BeforeClass doBeforeMethod -->
  <testcase name="@AfterClass doAfterMethod" time="0.0" classname="Pear.login.ResetInfo">
    <skipped/>
  </testcase> <!-- @AfterClass doAfterMethod -->
  <testcase name="@BeforeClass doBeforeMethod" time="0.0" classname="Pear.login.TestLogin">
    <skipped/>
  </testcase> <!-- @BeforeClass doBeforeMethod -->
  <testcase name="@AfterClass doAfterMethod" time="0.0" classname="Pear.login.TestLogin">
    <skipped/>
  </testcase> <!-- @AfterClass doAfterMethod -->
  <testcase name="login" time="10.815" classname="Pear.login.PearLogout"/>
  <testcase name="logout" time="6.93" classname="Pear.login.PearLogout"/>
  <testcase name="login" time="10.708" classname="Pear.login.PersonalCenter">
    <failure type="java.lang.NullPointerException">
      <![CDATA[java.lang.NullPointerException
	at com.webtest.core.WebDriverEngine.getText(Unknown Source)
	at com.webtest.core.Checker.verifyText(Unknown Source)
	at Pear.login.PearLogin.login(Unknown Source)
	at Pear.login.PersonalCenter.login(Unknown Source)
... Removed 23 stack frames]]>
    </failure>
  </testcase> <!-- login -->
  <testcase name="writeinfo" time="0.0" classname="Pear.login.PersonalCenter">
    <skipped/>
  </testcase> <!-- writeinfo -->
  <testcase name="login" time="0.0" classname="Pear.login.ResetInfo">
    <skipped/>
  </testcase> <!-- login -->
  <testcase name="reset" time="0.0" classname="Pear.login.ResetInfo">
    <skipped/>
  </testcase> <!-- reset -->
  <testcase name="testlogin" time="0.0" classname="Pear.login.TestLogin">
    <skipped/>
  </testcase> <!-- testlogin -->
</testsuite> <!-- login -->
