<?xml version="1.0" encoding="UTF-8"?>
<!-- Generated by org.testng.reporters.JUnitXMLReporter -->
<testsuite hostname="Amanda" name="login" tests="7" failures="0" timestamp="14 Dec 2017 06:58:16 GMT" time="169.173" errors="0">
  <testcase name="login" time="9.948" classname="Pear.login.PearLogout"/>
  <testcase name="logout" time="6.813" classname="Pear.login.PearLogout"/>
  <testcase name="login" time="11.085" classname="Pear.login.PersonalCenter"/>
  <testcase name="writeinfo" time="36.66" classname="Pear.login.PersonalCenter"/>
  <testcase name="login" time="10.461" classname="Pear.login.ResetInfo"/>
  <testcase name="reset" time="36.349" classname="Pear.login.ResetInfo"/>
  <testcase name="testlogin" time="10.186" classname="Pear.login.TestLogin"/>
</testsuite> <!-- login -->
