<?xml version="1.0" encoding="UTF-8"?>
<!-- Generated by org.testng.reporters.JUnitXMLReporter -->
<testsuite hostname="Amanda" name="market" tests="18" failures="0" timestamp="13 Dec 2017 01:48:47 GMT" time="14.568" errors="0">
  <testcase name="@AfterClass doAfterMethod" time="0.0" classname="Pear.market.AddPicture">
    <failure type="org.openqa.selenium.SessionNotCreatedException" message="Tried to run command without establishing a connection
Build info: version: &amp;apos;3.6.0&amp;apos;, revision: &amp;apos;6fbf3ec767&amp;apos;, time: &amp;apos;2017-09-27T16:15:40.131Z&amp;apos;
System info: host: &amp;apos;AMANDA&amp;apos;, ip: &amp;apos;192.168.107.1&amp;apos;, os.name: &amp;apos;Windows 10&amp;apos;, os.arch: &amp;apos;amd64&amp;apos;, os.version: &amp;apos;10.0&amp;apos;, java.version: &amp;apos;1.8.0_131&amp;apos;
Driver info: org.openqa.selenium.firefox.FirefoxDriver
Capabilities [{moz:profile=C:\Users\75910\AppData\Local\Temp\rust_mozprofile.oG9r9JprRFXK, rotatable=false, timeouts={implicit=0, pageLoad=300000, script=30000}, pageLoadStrategy=normal, platform=XP, specificationLevel=0, moz:accessibilityChecks=false, acceptInsecureCerts=true, browserVersion=55.0, platformVersion=10.0, moz:processID=3996, browserName=firefox, javascriptEnabled=true, platformName=XP}]
Session ID: 22787831-d0ec-4ed1-9172-94a5bb3e0131">
      <![CDATA[org.openqa.selenium.SessionNotCreatedException: Tried to run command without establishing a connection
Build info: version: '3.6.0', revision: '6fbf3ec767', time: '2017-09-27T16:15:40.131Z'
System info: host: 'AMANDA', ip: '192.168.107.1', os.name: 'Windows 10', os.arch: 'amd64', os.version: '10.0', java.version: '1.8.0_131'
Driver info: org.openqa.selenium.firefox.FirefoxDriver
Capabilities [{moz:profile=C:\Users\75910\AppData\Local\Temp\rust_mozprofile.oG9r9JprRFXK, rotatable=false, timeouts={implicit=0, pageLoad=300000, script=30000}, pageLoadStrategy=normal, platform=XP, specificationLevel=0, moz:accessibilityChecks=false, acceptInsecureCerts=true, browserVersion=55.0, platformVersion=10.0, moz:processID=3996, browserName=firefox, javascriptEnabled=true, platformName=XP}]
Session ID: 22787831-d0ec-4ed1-9172-94a5bb3e0131
	at org.openqa.selenium.remote.http.W3CHttpResponseCodec.createException(W3CHttpResponseCodec.java:185)
	at org.openqa.selenium.remote.http.W3CHttpResponseCodec.decode(W3CHttpResponseCodec.java:120)
	at org.openqa.selenium.remote.http.W3CHttpResponseCodec.decode(W3CHttpResponseCodec.java:49)
	at org.openqa.selenium.remote.HttpCommandExecutor.execute(HttpCommandExecutor.java:164)
	at org.openqa.selenium.remote.service.DriverCommandExecutor.execute(DriverCommandExecutor.java:83)
	at org.openqa.selenium.remote.RemoteWebDriver.execute(RemoteWebDriver.java:586)
	at org.openqa.selenium.remote.RemoteWebDriver.execute(RemoteWebDriver.java:643)
	at org.openqa.selenium.remote.RemoteWebDriver.quit(RemoteWebDriver.java:482)
	at com.webtest.core.BaseTest.doAfterMethod(Unknown Source)
... Removed 26 stack frames]]>
    </failure>
  </testcase> <!-- @AfterClass doAfterMethod -->
  <testcase name="@BeforeClass doBeforeMethod" time="0.0" classname="Pear.market.PictureListClick">
    <skipped/>
  </testcase> <!-- @BeforeClass doBeforeMethod -->
  <testcase name="@AfterClass doAfterMethod" time="0.0" classname="Pear.market.PictureListClick">
    <skipped/>
  </testcase> <!-- @AfterClass doAfterMethod -->
  <testcase name="@BeforeClass doBeforeMethod" time="0.0" classname="Pear.market.PictureListSearch">
    <skipped/>
  </testcase> <!-- @BeforeClass doBeforeMethod -->
  <testcase name="@AfterClass doAfterMethod" time="0.0" classname="Pear.market.PictureListSearch">
    <skipped/>
  </testcase> <!-- @AfterClass doAfterMethod -->
  <testcase name="@BeforeClass doBeforeMethod" time="0.0" classname="Pear.market.PictureRemove">
    <skipped/>
  </testcase> <!-- @BeforeClass doBeforeMethod -->
  <testcase name="@AfterClass doAfterMethod" time="0.0" classname="Pear.market.PictureRemove">
    <skipped/>
  </testcase> <!-- @AfterClass doAfterMethod -->
  <testcase name="@BeforeClass doBeforeMethod" time="0.0" classname="Pear.market.PictureStateChange">
    <skipped/>
  </testcase> <!-- @BeforeClass doBeforeMethod -->
  <testcase name="@AfterClass doAfterMethod" time="0.0" classname="Pear.market.PictureStateChange">
    <skipped/>
  </testcase> <!-- @AfterClass doAfterMethod -->
  <testcase name="@BeforeClass doBeforeMethod" time="0.0" classname="Pear.market.ShopTipsClick">
    <skipped/>
  </testcase> <!-- @BeforeClass doBeforeMethod -->
  <testcase name="@AfterClass doAfterMethod" time="0.0" classname="Pear.market.ShopTipsClick">
    <skipped/>
  </testcase> <!-- @AfterClass doAfterMethod -->
  <testcase name="@BeforeClass doBeforeMethod" time="0.0" classname="Pear.market.ShopTipsSearch">
    <skipped/>
  </testcase> <!-- @BeforeClass doBeforeMethod -->
  <testcase name="@AfterClass doAfterMethod" time="0.0" classname="Pear.market.ShopTipsSearch">
    <skipped/>
  </testcase> <!-- @AfterClass doAfterMethod -->
  <testcase name="@BeforeClass doBeforeMethod" time="0.0" classname="Pear.market.StoreClick">
    <skipped/>
  </testcase> <!-- @BeforeClass doBeforeMethod -->
  <testcase name="@AfterClass doAfterMethod" time="0.0" classname="Pear.market.StoreClick">
    <skipped/>
  </testcase> <!-- @AfterClass doAfterMethod -->
  <testcase name="Login" time="5.706" classname="Pear.market.AddPicture"/>
  <testcase name="add" time="0.034" classname="Pear.market.AddPicture"/>
  <testcase name="add" time="0.019" classname="Pear.market.AddPicture"/>
  <testcase name="add" time="0.015" classname="Pear.market.AddPicture"/>
  <testcase name="Login" time="0.0" classname="Pear.market.PictureListClick">
    <skipped/>
  </testcase> <!-- Login -->
  <testcase name="Click" time="0.0" classname="Pear.market.PictureListClick">
    <skipped/>
  </testcase> <!-- Click -->
  <testcase name="Login" time="0.0" classname="Pear.market.PictureListSearch">
    <skipped/>
  </testcase> <!-- Login -->
  <testcase name="search" time="0.0" classname="Pear.market.PictureListSearch">
    <skipped/>
  </testcase> <!-- search -->
  <testcase name="Login" time="0.0" classname="Pear.market.PictureRemove">
    <skipped/>
  </testcase> <!-- Login -->
  <testcase name="remove" time="0.0" classname="Pear.market.PictureRemove">
    <skipped/>
  </testcase> <!-- remove -->
  <testcase name="Login" time="0.0" classname="Pear.market.PictureStateChange">
    <skipped/>
  </testcase> <!-- Login -->
  <testcase name="change" time="0.0" classname="Pear.market.PictureStateChange">
    <skipped/>
  </testcase> <!-- change -->
  <testcase name="Login" time="0.0" classname="Pear.market.ShopTipsClick">
    <skipped/>
  </testcase> <!-- Login -->
  <testcase name="Click" time="0.0" classname="Pear.market.ShopTipsClick">
    <skipped/>
  </testcase> <!-- Click -->
  <testcase name="Login" time="0.0" classname="Pear.market.ShopTipsSearch">
    <skipped/>
  </testcase> <!-- Login -->
  <testcase name="search" time="0.0" classname="Pear.market.ShopTipsSearch">
    <skipped/>
  </testcase> <!-- search -->
  <testcase name="Login" time="0.0" classname="Pear.market.StoreClick">
    <skipped/>
  </testcase> <!-- Login -->
  <testcase name="Click" time="0.0" classname="Pear.market.StoreClick">
    <skipped/>
  </testcase> <!-- Click -->
</testsuite> <!-- market -->
