<html>
<head>
<title>TestNG:  market</title>
<link href="../testng.css" rel="stylesheet" type="text/css" />
<link href="../my-testng.css" rel="stylesheet" type="text/css" />

<style type="text/css">
.log { display: none;} 
.stack-trace { display: none;} 
</style>
<script type="text/javascript">
<!--
function flip(e) {
  current = e.style.display;
  if (current == 'block') {
    e.style.display = 'none';
    return 0;
  }
  else {
    e.style.display = 'block';
    return 1;
  }
}

function toggleBox(szDivId, elem, msg1, msg2)
{
  var res = -1;  if (document.getElementById) {
    res = flip(document.getElementById(szDivId));
  }
  else if (document.all) {
    // this is the way old msie versions work
    res = flip(document.all[szDivId]);
  }
  if(elem) {
    if(res == 0) elem.innerHTML = msg1; else elem.innerHTML = msg2;
  }

}

function toggleAllBoxes() {
  if (document.getElementsByTagName) {
    d = document.getElementsByTagName('div');
    for (i = 0; i < d.length; i++) {
      if (d[i].className == 'log') {
        flip(d[i]);
      }
    }
  }
}

// -->
</script>

</head>
<body>
<h2 align='center'>market</h2><table border='1' align="center">
<tr>
<td>Tests passed/Failed/Skipped:</td><td>4/0/14</td>
</tr><tr>
<td>Started on:</td><td>Wed Dec 13 09:48:33 CST 2017</td>
</tr>
<tr><td>Total time:</td><td>14 seconds (14568 ms)</td>
</tr><tr>
<td>Included groups:</td><td></td>
</tr><tr>
<td>Excluded groups:</td><td></td>
</tr>
</table><p/>
<small><i>(Hover the method name to see the test class name)</i></small><p/>
<table width='100%' border='1' class='invocation-failed'>
<tr><td colspan='4' align='center'><b>FAILED CONFIGURATIONS</b></td></tr>
<tr><td><b>Test method</b></td>
<td width="30%"><b>Exception</b></td>
<td width="10%"><b>Time (seconds)</b></td>
<td><b>Instance</b></td>
</tr>
<tr>
<td title='Pear.market.AddPicture.doAfterMethod()'><b>doAfterMethod</b><br>Test class: Pear.market.AddPicture</td>
<td><div><pre>org.openqa.selenium.SessionNotCreatedException: Tried to run command without establishing a connection
Build info: version: &apos;3.6.0&apos;, revision: &apos;6fbf3ec767&apos;, time: &apos;2017-09-27T16:15:40.131Z&apos;
System info: host: &apos;AMANDA&apos;, ip: &apos;192.168.107.1&apos;, os.name: &apos;Windows 10&apos;, os.arch: &apos;amd64&apos;, os.version: &apos;10.0&apos;, java.version: &apos;1.8.0_131&apos;
Driver info: org.openqa.selenium.firefox.FirefoxDriver
Capabilities [{moz:profile=C:\Users\75910\AppData\Local\Temp\rust_mozprofile.oG9r9JprRFXK, rotatable=false, timeouts={implicit=0, pageLoad=300000, script=30000}, pageLoadStrategy=normal, platform=XP, specificationLevel=0, moz:accessibilityChecks=false, acceptInsecureCerts=true, browserVersion=55.0, platformVersion=10.0, moz:processID=3996, browserName=firefox, javascriptEnabled=true, platformName=XP}]
Session ID: 22787831-d0ec-4ed1-9172-94a5bb3e0131
	at org.openqa.selenium.remote.http.W3CHttpResponseCodec.createException(W3CHttpResponseCodec.java:185)
	at org.openqa.selenium.remote.http.W3CHttpResponseCodec.decode(W3CHttpResponseCodec.java:120)
	at org.openqa.selenium.remote.http.W3CHttpResponseCodec.decode(W3CHttpResponseCodec.java:49)
	at org.openqa.selenium.remote.HttpCommandExecutor.execute(HttpCommandExecutor.java:164)
	at org.openqa.selenium.remote.service.DriverCommandExecutor.execute(DriverCommandExecutor.java:83)
	at org.openqa.selenium.remote.RemoteWebDriver.execute(RemoteWebDriver.java:586)
	at org.openqa.selenium.remote.RemoteWebDriver.execute(RemoteWebDriver.java:643)
	at org.openqa.selenium.remote.RemoteWebDriver.quit(RemoteWebDriver.java:482)
	at com.webtest.core.BaseTest.doAfterMethod(Unknown Source)
... Removed 26 stack frames</pre></div><a href='#' onClick='toggleBox("stack-trace236567414", this, "Click to show all stack frames", "Click to hide stack frames")'>Click to show all stack frames</a>
<div class='stack-trace' id='stack-trace236567414'><pre>org.openqa.selenium.SessionNotCreatedException: Tried to run command without establishing a connection
Build info: version: &apos;3.6.0&apos;, revision: &apos;6fbf3ec767&apos;, time: &apos;2017-09-27T16:15:40.131Z&apos;
System info: host: &apos;AMANDA&apos;, ip: &apos;192.168.107.1&apos;, os.name: &apos;Windows 10&apos;, os.arch: &apos;amd64&apos;, os.version: &apos;10.0&apos;, java.version: &apos;1.8.0_131&apos;
Driver info: org.openqa.selenium.firefox.FirefoxDriver
Capabilities [{moz:profile=C:\Users\75910\AppData\Local\Temp\rust_mozprofile.oG9r9JprRFXK, rotatable=false, timeouts={implicit=0, pageLoad=300000, script=30000}, pageLoadStrategy=normal, platform=XP, specificationLevel=0, moz:accessibilityChecks=false, acceptInsecureCerts=true, browserVersion=55.0, platformVersion=10.0, moz:processID=3996, browserName=firefox, javascriptEnabled=true, platformName=XP}]
Session ID: 22787831-d0ec-4ed1-9172-94a5bb3e0131
	at sun.reflect.GeneratedConstructorAccessor13.newInstance(Unknown Source)
	at sun.reflect.DelegatingConstructorAccessorImpl.newInstance(Unknown Source)
	at java.lang.reflect.Constructor.newInstance(Unknown Source)
	at org.openqa.selenium.remote.http.W3CHttpResponseCodec.createException(W3CHttpResponseCodec.java:185)
	at org.openqa.selenium.remote.http.W3CHttpResponseCodec.decode(W3CHttpResponseCodec.java:120)
	at org.openqa.selenium.remote.http.W3CHttpResponseCodec.decode(W3CHttpResponseCodec.java:49)
	at org.openqa.selenium.remote.HttpCommandExecutor.execute(HttpCommandExecutor.java:164)
	at org.openqa.selenium.remote.service.DriverCommandExecutor.execute(DriverCommandExecutor.java:83)
	at org.openqa.selenium.remote.RemoteWebDriver.execute(RemoteWebDriver.java:586)
	at org.openqa.selenium.remote.RemoteWebDriver.execute(RemoteWebDriver.java:643)
	at org.openqa.selenium.remote.RemoteWebDriver.quit(RemoteWebDriver.java:482)
	at com.webtest.core.BaseTest.doAfterMethod(Unknown Source)
	at sun.reflect.NativeMethodAccessorImpl.invoke0(Native Method)
	at sun.reflect.NativeMethodAccessorImpl.invoke(Unknown Source)
	at sun.reflect.DelegatingMethodAccessorImpl.invoke(Unknown Source)
	at java.lang.reflect.Method.invoke(Unknown Source)
	at org.testng.internal.MethodInvocationHelper.invokeMethod(MethodInvocationHelper.java:85)
	at org.testng.internal.Invoker.invokeConfigurationMethod(Invoker.java:510)
	at org.testng.internal.Invoker.invokeConfigurations(Invoker.java:211)
	at org.testng.internal.Invoker.invokeConfigurations(Invoker.java:138)
	at org.testng.internal.TestMethodWorker.invokeAfterClassMethods(TestMethodWorker.java:220)
	at org.testng.internal.TestMethodWorker.run(TestMethodWorker.java:111)
	at org.testng.TestRunner.privateRun(TestRunner.java:774)
	at org.testng.TestRunner.run(TestRunner.java:624)
	at org.testng.SuiteRunner.runTest(SuiteRunner.java:359)
	at org.testng.SuiteRunner.runSequentially(SuiteRunner.java:354)
	at org.testng.SuiteRunner.privateRun(SuiteRunner.java:312)
	at org.testng.SuiteRunner.run(SuiteRunner.java:261)
	at org.testng.SuiteRunnerWorker.runSuite(SuiteRunnerWorker.java:52)
	at org.testng.SuiteRunnerWorker.run(SuiteRunnerWorker.java:86)
	at org.testng.TestNG.runSuitesSequentially(TestNG.java:1215)
	at org.testng.TestNG.runSuitesLocally(TestNG.java:1140)
	at org.testng.TestNG.run(TestNG.java:1048)
	at org.testng.TestNG.privateMain(TestNG.java:1355)
	at org.testng.TestNG.main(TestNG.java:1324)
</pre></div></td>
<td>0</td>
<td>Pear.market.AddPicture@d041cf</td></tr>
</table><p>
<table width='100%' border='1' class='invocation-skipped'>
<tr><td colspan='4' align='center'><b>SKIPPED CONFIGURATIONS</b></td></tr>
<tr><td><b>Test method</b></td>
<td width="30%"><b>Exception</b></td>
<td width="10%"><b>Time (seconds)</b></td>
<td><b>Instance</b></td>
</tr>
<tr>
<td title='Pear.market.PictureListClick.doBeforeMethod()'><b>doBeforeMethod</b><br>Test class: Pear.market.PictureListClick</td>
<td></td>
<td>0</td>
<td>Pear.market.PictureListClick@129a8472</td></tr>
<tr>
<td title='Pear.market.PictureListSearch.doBeforeMethod()'><b>doBeforeMethod</b><br>Test class: Pear.market.PictureListSearch</td>
<td></td>
<td>0</td>
<td>Pear.market.PictureListSearch@1b0375b3</td></tr>
<tr>
<td title='Pear.market.PictureRemove.doBeforeMethod()'><b>doBeforeMethod</b><br>Test class: Pear.market.PictureRemove</td>
<td></td>
<td>0</td>
<td>Pear.market.PictureRemove@2f7c7260</td></tr>
<tr>
<td title='Pear.market.PictureStateChange.doBeforeMethod()'><b>doBeforeMethod</b><br>Test class: Pear.market.PictureStateChange</td>
<td></td>
<td>0</td>
<td>Pear.market.PictureStateChange@6bdf28bb</td></tr>
<tr>
<td title='Pear.market.ShopTipsClick.doBeforeMethod()'><b>doBeforeMethod</b><br>Test class: Pear.market.ShopTipsClick</td>
<td></td>
<td>0</td>
<td>Pear.market.ShopTipsClick@6b71769e</td></tr>
<tr>
<td title='Pear.market.ShopTipsSearch.doBeforeMethod()'><b>doBeforeMethod</b><br>Test class: Pear.market.ShopTipsSearch</td>
<td></td>
<td>0</td>
<td>Pear.market.ShopTipsSearch@2752f6e2</td></tr>
<tr>
<td title='Pear.market.StoreClick.doBeforeMethod()'><b>doBeforeMethod</b><br>Test class: Pear.market.StoreClick</td>
<td></td>
<td>0</td>
<td>Pear.market.StoreClick@e580929</td></tr>
<tr>
<td title='Pear.market.PictureListClick.doAfterMethod()'><b>doAfterMethod</b><br>Test class: Pear.market.PictureListClick</td>
<td></td>
<td>0</td>
<td>Pear.market.PictureListClick@129a8472</td></tr>
<tr>
<td title='Pear.market.PictureListSearch.doAfterMethod()'><b>doAfterMethod</b><br>Test class: Pear.market.PictureListSearch</td>
<td></td>
<td>0</td>
<td>Pear.market.PictureListSearch@1b0375b3</td></tr>
<tr>
<td title='Pear.market.PictureRemove.doAfterMethod()'><b>doAfterMethod</b><br>Test class: Pear.market.PictureRemove</td>
<td></td>
<td>0</td>
<td>Pear.market.PictureRemove@2f7c7260</td></tr>
<tr>
<td title='Pear.market.PictureStateChange.doAfterMethod()'><b>doAfterMethod</b><br>Test class: Pear.market.PictureStateChange</td>
<td></td>
<td>0</td>
<td>Pear.market.PictureStateChange@6bdf28bb</td></tr>
<tr>
<td title='Pear.market.ShopTipsClick.doAfterMethod()'><b>doAfterMethod</b><br>Test class: Pear.market.ShopTipsClick</td>
<td></td>
<td>0</td>
<td>Pear.market.ShopTipsClick@6b71769e</td></tr>
<tr>
<td title='Pear.market.ShopTipsSearch.doAfterMethod()'><b>doAfterMethod</b><br>Test class: Pear.market.ShopTipsSearch</td>
<td></td>
<td>0</td>
<td>Pear.market.ShopTipsSearch@2752f6e2</td></tr>
<tr>
<td title='Pear.market.StoreClick.doAfterMethod()'><b>doAfterMethod</b><br>Test class: Pear.market.StoreClick</td>
<td></td>
<td>0</td>
<td>Pear.market.StoreClick@e580929</td></tr>
</table><p>
<table width='100%' border='1' class='invocation-passed'>
<tr><td colspan='4' align='center'><b>PASSED TESTS</b></td></tr>
<tr><td><b>Test method</b></td>
<td width="30%"><b>Exception</b></td>
<td width="10%"><b>Time (seconds)</b></td>
<td><b>Instance</b></td>
</tr>
<tr>
<td title='Pear.market.AddPicture.Login()'><b>Login</b><br>Test class: Pear.market.AddPicture</td>
<td></td>
<td>5</td>
<td>Pear.market.AddPicture@d041cf</td></tr>
<tr>
<td title='Pear.market.AddPicture.add()'><b>add</b><br>Test class: Pear.market.AddPicture<br>Parameters: לרµְ2, www.zentao.com, E:\\xueli-2017-jyn\\tuanzi.jpg</td>
<td></td>
<td>0</td>
<td>Pear.market.AddPicture@d041cf</td></tr>
<tr>
<td title='Pear.market.AddPicture.add()'><b>add</b><br>Test class: Pear.market.AddPicture<br>Parameters: bugfree3, www.bugfree.com, E:\\xueli-2017-jyn\\cat.png</td>
<td></td>
<td>0</td>
<td>Pear.market.AddPicture@d041cf</td></tr>
<tr>
<td title='Pear.market.AddPicture.add()'><b>add</b><br>Test class: Pear.market.AddPicture<br>Parameters: redmine4, www.redmine.com, E:\\xueli-2017-jyn\\tuanzi.jpg</td>
<td></td>
<td>0</td>
<td>Pear.market.AddPicture@d041cf</td></tr>
</table><p>
<table width='100%' border='1' class='invocation-skipped'>
<tr><td colspan='4' align='center'><b>SKIPPED TESTS</b></td></tr>
<tr><td><b>Test method</b></td>
<td width="30%"><b>Exception</b></td>
<td width="10%"><b>Time (seconds)</b></td>
<td><b>Instance</b></td>
</tr>
<tr>
<td title='Pear.market.PictureListClick.Click()'><b>Click</b><br>Test class: Pear.market.PictureListClick</td>
<td><div><pre>java.lang.Throwable: Method PictureListClick.Click()[pri:0, instance:Pear.market.PictureListClick@129a8472] depends on not successfully finished methods
... Removed 16 stack frames</pre></div><a href='#' onClick='toggleBox("stack-trace573136580", this, "Click to show all stack frames", "Click to hide stack frames")'>Click to show all stack frames</a>
<div class='stack-trace' id='stack-trace573136580'><pre>java.lang.Throwable: Method PictureListClick.Click()[pri:0, instance:Pear.market.PictureListClick@129a8472] depends on not successfully finished methods
	at org.testng.internal.Invoker.invokeTestMethods(Invoker.java:1033)
	at org.testng.internal.TestMethodWorker.invokeTestMethods(TestMethodWorker.java:125)
	at org.testng.internal.TestMethodWorker.run(TestMethodWorker.java:108)
	at org.testng.TestRunner.privateRun(TestRunner.java:774)
	at org.testng.TestRunner.run(TestRunner.java:624)
	at org.testng.SuiteRunner.runTest(SuiteRunner.java:359)
	at org.testng.SuiteRunner.runSequentially(SuiteRunner.java:354)
	at org.testng.SuiteRunner.privateRun(SuiteRunner.java:312)
	at org.testng.SuiteRunner.run(SuiteRunner.java:261)
	at org.testng.SuiteRunnerWorker.runSuite(SuiteRunnerWorker.java:52)
	at org.testng.SuiteRunnerWorker.run(SuiteRunnerWorker.java:86)
	at org.testng.TestNG.runSuitesSequentially(TestNG.java:1215)
	at org.testng.TestNG.runSuitesLocally(TestNG.java:1140)
	at org.testng.TestNG.run(TestNG.java:1048)
	at org.testng.TestNG.privateMain(TestNG.java:1355)
	at org.testng.TestNG.main(TestNG.java:1324)
</pre></div></td>
<td>0</td>
<td>null</td></tr>
<tr>
<td title='Pear.market.ShopTipsClick.Click()'><b>Click</b><br>Test class: Pear.market.ShopTipsClick</td>
<td><div><pre>java.lang.Throwable: Method ShopTipsClick.Click()[pri:0, instance:Pear.market.ShopTipsClick@6b71769e] depends on not successfully finished methods
... Removed 16 stack frames</pre></div><a href='#' onClick='toggleBox("stack-trace774895395", this, "Click to show all stack frames", "Click to hide stack frames")'>Click to show all stack frames</a>
<div class='stack-trace' id='stack-trace774895395'><pre>java.lang.Throwable: Method ShopTipsClick.Click()[pri:0, instance:Pear.market.ShopTipsClick@6b71769e] depends on not successfully finished methods
	at org.testng.internal.Invoker.invokeTestMethods(Invoker.java:1033)
	at org.testng.internal.TestMethodWorker.invokeTestMethods(TestMethodWorker.java:125)
	at org.testng.internal.TestMethodWorker.run(TestMethodWorker.java:108)
	at org.testng.TestRunner.privateRun(TestRunner.java:774)
	at org.testng.TestRunner.run(TestRunner.java:624)
	at org.testng.SuiteRunner.runTest(SuiteRunner.java:359)
	at org.testng.SuiteRunner.runSequentially(SuiteRunner.java:354)
	at org.testng.SuiteRunner.privateRun(SuiteRunner.java:312)
	at org.testng.SuiteRunner.run(SuiteRunner.java:261)
	at org.testng.SuiteRunnerWorker.runSuite(SuiteRunnerWorker.java:52)
	at org.testng.SuiteRunnerWorker.run(SuiteRunnerWorker.java:86)
	at org.testng.TestNG.runSuitesSequentially(TestNG.java:1215)
	at org.testng.TestNG.runSuitesLocally(TestNG.java:1140)
	at org.testng.TestNG.run(TestNG.java:1048)
	at org.testng.TestNG.privateMain(TestNG.java:1355)
	at org.testng.TestNG.main(TestNG.java:1324)
</pre></div></td>
<td>0</td>
<td>null</td></tr>
<tr>
<td title='Pear.market.StoreClick.Click()'><b>Click</b><br>Test class: Pear.market.StoreClick</td>
<td><div><pre>java.lang.Throwable: Method StoreClick.Click()[pri:0, instance:Pear.market.StoreClick@e580929] depends on not successfully finished methods
... Removed 16 stack frames</pre></div><a href='#' onClick='toggleBox("stack-trace1175631958", this, "Click to show all stack frames", "Click to hide stack frames")'>Click to show all stack frames</a>
<div class='stack-trace' id='stack-trace1175631958'><pre>java.lang.Throwable: Method StoreClick.Click()[pri:0, instance:Pear.market.StoreClick@e580929] depends on not successfully finished methods
	at org.testng.internal.Invoker.invokeTestMethods(Invoker.java:1033)
	at org.testng.internal.TestMethodWorker.invokeTestMethods(TestMethodWorker.java:125)
	at org.testng.internal.TestMethodWorker.run(TestMethodWorker.java:108)
	at org.testng.TestRunner.privateRun(TestRunner.java:774)
	at org.testng.TestRunner.run(TestRunner.java:624)
	at org.testng.SuiteRunner.runTest(SuiteRunner.java:359)
	at org.testng.SuiteRunner.runSequentially(SuiteRunner.java:354)
	at org.testng.SuiteRunner.privateRun(SuiteRunner.java:312)
	at org.testng.SuiteRunner.run(SuiteRunner.java:261)
	at org.testng.SuiteRunnerWorker.runSuite(SuiteRunnerWorker.java:52)
	at org.testng.SuiteRunnerWorker.run(SuiteRunnerWorker.java:86)
	at org.testng.TestNG.runSuitesSequentially(TestNG.java:1215)
	at org.testng.TestNG.runSuitesLocally(TestNG.java:1140)
	at org.testng.TestNG.run(TestNG.java:1048)
	at org.testng.TestNG.privateMain(TestNG.java:1355)
	at org.testng.TestNG.main(TestNG.java:1324)
</pre></div></td>
<td>0</td>
<td>null</td></tr>
<tr>
<td title='Pear.market.PictureListClick.Login()'><b>Login</b><br>Test class: Pear.market.PictureListClick</td>
<td></td>
<td>0</td>
<td>Pear.market.PictureListClick@129a8472</td></tr>
<tr>
<td title='Pear.market.PictureListSearch.Login()'><b>Login</b><br>Test class: Pear.market.PictureListSearch</td>
<td></td>
<td>0</td>
<td>Pear.market.PictureListSearch@1b0375b3</td></tr>
<tr>
<td title='Pear.market.PictureRemove.Login()'><b>Login</b><br>Test class: Pear.market.PictureRemove</td>
<td></td>
<td>0</td>
<td>Pear.market.PictureRemove@2f7c7260</td></tr>
<tr>
<td title='Pear.market.PictureStateChange.Login()'><b>Login</b><br>Test class: Pear.market.PictureStateChange</td>
<td></td>
<td>0</td>
<td>Pear.market.PictureStateChange@6bdf28bb</td></tr>
<tr>
<td title='Pear.market.ShopTipsClick.Login()'><b>Login</b><br>Test class: Pear.market.ShopTipsClick</td>
<td></td>
<td>0</td>
<td>Pear.market.ShopTipsClick@6b71769e</td></tr>
<tr>
<td title='Pear.market.ShopTipsSearch.Login()'><b>Login</b><br>Test class: Pear.market.ShopTipsSearch</td>
<td></td>
<td>0</td>
<td>Pear.market.ShopTipsSearch@2752f6e2</td></tr>
<tr>
<td title='Pear.market.StoreClick.Login()'><b>Login</b><br>Test class: Pear.market.StoreClick</td>
<td></td>
<td>0</td>
<td>Pear.market.StoreClick@e580929</td></tr>
<tr>
<td title='Pear.market.PictureStateChange.change()'><b>change</b><br>Test class: Pear.market.PictureStateChange</td>
<td><div><pre>java.lang.Throwable: Method PictureStateChange.change()[pri:0, instance:Pear.market.PictureStateChange@6bdf28bb] depends on not successfully finished methods
... Removed 16 stack frames</pre></div><a href='#' onClick='toggleBox("stack-trace254896875", this, "Click to show all stack frames", "Click to hide stack frames")'>Click to show all stack frames</a>
<div class='stack-trace' id='stack-trace254896875'><pre>java.lang.Throwable: Method PictureStateChange.change()[pri:0, instance:Pear.market.PictureStateChange@6bdf28bb] depends on not successfully finished methods
	at org.testng.internal.Invoker.invokeTestMethods(Invoker.java:1033)
	at org.testng.internal.TestMethodWorker.invokeTestMethods(TestMethodWorker.java:125)
	at org.testng.internal.TestMethodWorker.run(TestMethodWorker.java:108)
	at org.testng.TestRunner.privateRun(TestRunner.java:774)
	at org.testng.TestRunner.run(TestRunner.java:624)
	at org.testng.SuiteRunner.runTest(SuiteRunner.java:359)
	at org.testng.SuiteRunner.runSequentially(SuiteRunner.java:354)
	at org.testng.SuiteRunner.privateRun(SuiteRunner.java:312)
	at org.testng.SuiteRunner.run(SuiteRunner.java:261)
	at org.testng.SuiteRunnerWorker.runSuite(SuiteRunnerWorker.java:52)
	at org.testng.SuiteRunnerWorker.run(SuiteRunnerWorker.java:86)
	at org.testng.TestNG.runSuitesSequentially(TestNG.java:1215)
	at org.testng.TestNG.runSuitesLocally(TestNG.java:1140)
	at org.testng.TestNG.run(TestNG.java:1048)
	at org.testng.TestNG.privateMain(TestNG.java:1355)
	at org.testng.TestNG.main(TestNG.java:1324)
</pre></div></td>
<td>0</td>
<td>null</td></tr>
<tr>
<td title='Pear.market.PictureRemove.remove()'><b>remove</b><br>Test class: Pear.market.PictureRemove</td>
<td><div><pre>java.lang.Throwable: Method PictureRemove.remove()[pri:0, instance:Pear.market.PictureRemove@2f7c7260] depends on not successfully finished methods
... Removed 16 stack frames</pre></div><a href='#' onClick='toggleBox("stack-trace624795507", this, "Click to show all stack frames", "Click to hide stack frames")'>Click to show all stack frames</a>
<div class='stack-trace' id='stack-trace624795507'><pre>java.lang.Throwable: Method PictureRemove.remove()[pri:0, instance:Pear.market.PictureRemove@2f7c7260] depends on not successfully finished methods
	at org.testng.internal.Invoker.invokeTestMethods(Invoker.java:1033)
	at org.testng.internal.TestMethodWorker.invokeTestMethods(TestMethodWorker.java:125)
	at org.testng.internal.TestMethodWorker.run(TestMethodWorker.java:108)
	at org.testng.TestRunner.privateRun(TestRunner.java:774)
	at org.testng.TestRunner.run(TestRunner.java:624)
	at org.testng.SuiteRunner.runTest(SuiteRunner.java:359)
	at org.testng.SuiteRunner.runSequentially(SuiteRunner.java:354)
	at org.testng.SuiteRunner.privateRun(SuiteRunner.java:312)
	at org.testng.SuiteRunner.run(SuiteRunner.java:261)
	at org.testng.SuiteRunnerWorker.runSuite(SuiteRunnerWorker.java:52)
	at org.testng.SuiteRunnerWorker.run(SuiteRunnerWorker.java:86)
	at org.testng.TestNG.runSuitesSequentially(TestNG.java:1215)
	at org.testng.TestNG.runSuitesLocally(TestNG.java:1140)
	at org.testng.TestNG.run(TestNG.java:1048)
	at org.testng.TestNG.privateMain(TestNG.java:1355)
	at org.testng.TestNG.main(TestNG.java:1324)
</pre></div></td>
<td>0</td>
<td>null</td></tr>
<tr>
<td title='Pear.market.PictureListSearch.search()'><b>search</b><br>Test class: Pear.market.PictureListSearch</td>
<td><div><pre>java.lang.Throwable: Method PictureListSearch.search()[pri:0, instance:Pear.market.PictureListSearch@1b0375b3] depends on not successfully finished methods
... Removed 16 stack frames</pre></div><a href='#' onClick='toggleBox("stack-trace1895143699", this, "Click to show all stack frames", "Click to hide stack frames")'>Click to show all stack frames</a>
<div class='stack-trace' id='stack-trace1895143699'><pre>java.lang.Throwable: Method PictureListSearch.search()[pri:0, instance:Pear.market.PictureListSearch@1b0375b3] depends on not successfully finished methods
	at org.testng.internal.Invoker.invokeTestMethods(Invoker.java:1033)
	at org.testng.internal.TestMethodWorker.invokeTestMethods(TestMethodWorker.java:125)
	at org.testng.internal.TestMethodWorker.run(TestMethodWorker.java:108)
	at org.testng.TestRunner.privateRun(TestRunner.java:774)
	at org.testng.TestRunner.run(TestRunner.java:624)
	at org.testng.SuiteRunner.runTest(SuiteRunner.java:359)
	at org.testng.SuiteRunner.runSequentially(SuiteRunner.java:354)
	at org.testng.SuiteRunner.privateRun(SuiteRunner.java:312)
	at org.testng.SuiteRunner.run(SuiteRunner.java:261)
	at org.testng.SuiteRunnerWorker.runSuite(SuiteRunnerWorker.java:52)
	at org.testng.SuiteRunnerWorker.run(SuiteRunnerWorker.java:86)
	at org.testng.TestNG.runSuitesSequentially(TestNG.java:1215)
	at org.testng.TestNG.runSuitesLocally(TestNG.java:1140)
	at org.testng.TestNG.run(TestNG.java:1048)
	at org.testng.TestNG.privateMain(TestNG.java:1355)
	at org.testng.TestNG.main(TestNG.java:1324)
</pre></div></td>
<td>0</td>
<td>null</td></tr>
<tr>
<td title='Pear.market.ShopTipsSearch.search()'><b>search</b><br>Test class: Pear.market.ShopTipsSearch</td>
<td><div><pre>java.lang.Throwable: Method ShopTipsSearch.search()[pri:0, instance:Pear.market.ShopTipsSearch@2752f6e2] depends on not successfully finished methods
... Removed 16 stack frames</pre></div><a href='#' onClick='toggleBox("stack-trace397071633", this, "Click to show all stack frames", "Click to hide stack frames")'>Click to show all stack frames</a>
<div class='stack-trace' id='stack-trace397071633'><pre>java.lang.Throwable: Method ShopTipsSearch.search()[pri:0, instance:Pear.market.ShopTipsSearch@2752f6e2] depends on not successfully finished methods
	at org.testng.internal.Invoker.invokeTestMethods(Invoker.java:1033)
	at org.testng.internal.TestMethodWorker.invokeTestMethods(TestMethodWorker.java:125)
	at org.testng.internal.TestMethodWorker.run(TestMethodWorker.java:108)
	at org.testng.TestRunner.privateRun(TestRunner.java:774)
	at org.testng.TestRunner.run(TestRunner.java:624)
	at org.testng.SuiteRunner.runTest(SuiteRunner.java:359)
	at org.testng.SuiteRunner.runSequentially(SuiteRunner.java:354)
	at org.testng.SuiteRunner.privateRun(SuiteRunner.java:312)
	at org.testng.SuiteRunner.run(SuiteRunner.java:261)
	at org.testng.SuiteRunnerWorker.runSuite(SuiteRunnerWorker.java:52)
	at org.testng.SuiteRunnerWorker.run(SuiteRunnerWorker.java:86)
	at org.testng.TestNG.runSuitesSequentially(TestNG.java:1215)
	at org.testng.TestNG.runSuitesLocally(TestNG.java:1140)
	at org.testng.TestNG.run(TestNG.java:1048)
	at org.testng.TestNG.privateMain(TestNG.java:1355)
	at org.testng.TestNG.main(TestNG.java:1324)
</pre></div></td>
<td>0</td>
<td>null</td></tr>
</table><p>
</body>
</html>