<?xml version="1.0" encoding="UTF-8"?>
<!-- Generated by org.testng.reporters.JUnitXMLReporter -->
<testsuite hostname="Amanda" name="news" tests="44" failures="0" timestamp="14 Dec 2017 07:12:15 GMT" time="692.514" errors="0">
  <testcase name="Login" time="10.426" classname="Pear.news.MessageChange"/>
  <testcase name="change" time="23.878" classname="Pear.news.MessageChange"/>
  <testcase name="Login" time="10.284" classname="Pear.news.MessageChangedelete"/>
  <testcase name="change" time="17.635" classname="Pear.news.MessageChangedelete"/>
  <testcase name="Login" time="11.022" classname="Pear.news.MessageClick"/>
  <testcase name="Click" time="6.866" classname="Pear.news.MessageClick"/>
  <testcase name="Login" time="10.676" classname="Pear.news.MessageRemove"/>
  <testcase name="delete" time="13.394" classname="Pear.news.MessageRemove"/>
  <testcase name="Login" time="10.395" classname="Pear.news.MessageSearch"/>
  <testcase name="search" time="10.494" classname="Pear.news.MessageSearch"/>
  <testcase name="Login" time="10.235" classname="Pear.news.MessgaeChangeread"/>
  <testcase name="change" time="17.293" classname="Pear.news.MessgaeChangeread"/>
  <testcase name="Login" time="11.265" classname="Pear.news.NewsClick"/>
  <testcase name="Click" time="3.298" classname="Pear.news.NewsClick"/>
  <testcase name="Login" time="10.146" classname="Pear.news.PubChange"/>
  <testcase name="change" time="27.126" classname="Pear.news.PubChange"/>
  <testcase name="Login" time="10.422" classname="Pear.news.PubChangeoverdue"/>
  <testcase name="change" time="20.457" classname="Pear.news.PubChangeoverdue"/>
  <testcase name="Login" time="10.471" classname="Pear.news.PubChangepublished"/>
  <testcase name="change" time="20.604" classname="Pear.news.PubChangepublished"/>
  <testcase name="Login" time="10.208" classname="Pear.news.PubClick"/>
  <testcase name="Click" time="6.868" classname="Pear.news.PubClick"/>
  <testcase name="Login" time="17.392" classname="Pear.news.PublishMessage"/>
  <testcase name="publish" time="7.454" classname="Pear.news.PublishMessage"/>
  <testcase name="publish" time="7.423" classname="Pear.news.PublishMessage"/>
  <testcase name="publish" time="7.598" classname="Pear.news.PublishMessage"/>
  <testcase name="publish" time="7.297" classname="Pear.news.PublishMessage"/>
  <testcase name="publish" time="7.191" classname="Pear.news.PublishMessage"/>
  <testcase name="publish" time="7.141" classname="Pear.news.PublishMessage"/>
  <testcase name="publish" time="7.331" classname="Pear.news.PublishMessage"/>
  <testcase name="publish" time="7.289" classname="Pear.news.PublishMessage"/>
  <testcase name="Login" time="16.967" classname="Pear.news.PublishNews"/>
  <testcase name="publish" time="10.486" classname="Pear.news.PublishNews"/>
  <testcase name="publish" time="10.58" classname="Pear.news.PublishNews"/>
  <testcase name="publish" time="10.627" classname="Pear.news.PublishNews"/>
  <testcase name="publish" time="10.517" classname="Pear.news.PublishNews"/>
  <testcase name="publish" time="10.643" classname="Pear.news.PublishNews"/>
  <testcase name="publish" time="10.752" classname="Pear.news.PublishNews"/>
  <testcase name="Login" time="10.604" classname="Pear.news.PubRemove"/>
  <testcase name="delete" time="9.836" classname="Pear.news.PubRemove"/>
  <testcase name="Login" time="9.954" classname="Pear.news.PubSearch"/>
  <testcase name="search" time="10.511" classname="Pear.news.PubSearch"/>
  <testcase name="Login" time="17.091" classname="Pear.news.RewriteNews"/>
  <testcase name="rewrite" time="10.19" classname="Pear.news.RewriteNews"/>
</testsuite> <!-- news -->
