<?xml version="1.0" encoding="UTF-8"?>
<!-- Generated by org.testng.reporters.JUnitXMLReporter -->
<testsuite hostname="Amanda" name="news" tests="32" failures="0" timestamp="13 Dec 2017 01:48:33 GMT" time="26.849" errors="0">
  <testcase name="@AfterClass doAfterMethod" time="0.0" classname="Pear.news.MessageChange">
    <failure type="org.openqa.selenium.SessionNotCreatedException" message="Tried to run command without establishing a connection
Build info: version: &amp;apos;3.6.0&amp;apos;, revision: &amp;apos;6fbf3ec767&amp;apos;, time: &amp;apos;2017-09-27T16:15:40.131Z&amp;apos;
System info: host: &amp;apos;AMANDA&amp;apos;, ip: &amp;apos;192.168.107.1&amp;apos;, os.name: &amp;apos;Windows 10&amp;apos;, os.arch: &amp;apos;amd64&amp;apos;, os.version: &amp;apos;10.0&amp;apos;, java.version: &amp;apos;1.8.0_131&amp;apos;
Driver info: org.openqa.selenium.firefox.FirefoxDriver
Capabilities [{moz:profile=C:\Users\75910\AppData\Local\Temp\rust_mozprofile.3W2COYDNV82N, rotatable=false, timeouts={implicit=0, pageLoad=300000, script=30000}, pageLoadStrategy=normal, platform=XP, specificationLevel=0, moz:accessibilityChecks=false, acceptInsecureCerts=true, browserVersion=55.0, platformVersion=10.0, moz:processID=2484, browserName=firefox, javascriptEnabled=true, platformName=XP}]
Session ID: c6763f96-7baf-43e8-80c2-9bfcf2e14b12">
      <![CDATA[org.openqa.selenium.SessionNotCreatedException: Tried to run command without establishing a connection
Build info: version: '3.6.0', revision: '6fbf3ec767', time: '2017-09-27T16:15:40.131Z'
System info: host: 'AMANDA', ip: '192.168.107.1', os.name: 'Windows 10', os.arch: 'amd64', os.version: '10.0', java.version: '1.8.0_131'
Driver info: org.openqa.selenium.firefox.FirefoxDriver
Capabilities [{moz:profile=C:\Users\75910\AppData\Local\Temp\rust_mozprofile.3W2COYDNV82N, rotatable=false, timeouts={implicit=0, pageLoad=300000, script=30000}, pageLoadStrategy=normal, platform=XP, specificationLevel=0, moz:accessibilityChecks=false, acceptInsecureCerts=true, browserVersion=55.0, platformVersion=10.0, moz:processID=2484, browserName=firefox, javascriptEnabled=true, platformName=XP}]
Session ID: c6763f96-7baf-43e8-80c2-9bfcf2e14b12
	at org.openqa.selenium.remote.http.W3CHttpResponseCodec.createException(W3CHttpResponseCodec.java:185)
	at org.openqa.selenium.remote.http.W3CHttpResponseCodec.decode(W3CHttpResponseCodec.java:120)
	at org.openqa.selenium.remote.http.W3CHttpResponseCodec.decode(W3CHttpResponseCodec.java:49)
	at org.openqa.selenium.remote.HttpCommandExecutor.execute(HttpCommandExecutor.java:164)
	at org.openqa.selenium.remote.service.DriverCommandExecutor.execute(DriverCommandExecutor.java:83)
	at org.openqa.selenium.remote.RemoteWebDriver.execute(RemoteWebDriver.java:586)
	at org.openqa.selenium.remote.RemoteWebDriver.execute(RemoteWebDriver.java:643)
	at org.openqa.selenium.remote.RemoteWebDriver.quit(RemoteWebDriver.java:482)
	at com.webtest.core.BaseTest.doAfterMethod(Unknown Source)
... Removed 27 stack frames]]>
    </failure>
  </testcase> <!-- @AfterClass doAfterMethod -->
  <testcase name="@BeforeClass doBeforeMethod" time="0.0" classname="Pear.news.MessageChangedelete">
    <skipped/>
  </testcase> <!-- @BeforeClass doBeforeMethod -->
  <testcase name="@AfterClass doAfterMethod" time="0.0" classname="Pear.news.MessageChangedelete">
    <skipped/>
  </testcase> <!-- @AfterClass doAfterMethod -->
  <testcase name="@BeforeClass doBeforeMethod" time="0.0" classname="Pear.news.MessageClick">
    <skipped/>
  </testcase> <!-- @BeforeClass doBeforeMethod -->
  <testcase name="@AfterClass doAfterMethod" time="0.0" classname="Pear.news.MessageClick">
    <skipped/>
  </testcase> <!-- @AfterClass doAfterMethod -->
  <testcase name="@BeforeClass doBeforeMethod" time="0.0" classname="Pear.news.MessageRemove">
    <skipped/>
  </testcase> <!-- @BeforeClass doBeforeMethod -->
  <testcase name="@AfterClass doAfterMethod" time="0.0" classname="Pear.news.MessageRemove">
    <skipped/>
  </testcase> <!-- @AfterClass doAfterMethod -->
  <testcase name="@BeforeClass doBeforeMethod" time="0.0" classname="Pear.news.MessageSearch">
    <skipped/>
  </testcase> <!-- @BeforeClass doBeforeMethod -->
  <testcase name="@AfterClass doAfterMethod" time="0.0" classname="Pear.news.MessageSearch">
    <skipped/>
  </testcase> <!-- @AfterClass doAfterMethod -->
  <testcase name="@BeforeClass doBeforeMethod" time="0.0" classname="Pear.news.MessgaeChangeread">
    <skipped/>
  </testcase> <!-- @BeforeClass doBeforeMethod -->
  <testcase name="@AfterClass doAfterMethod" time="0.0" classname="Pear.news.MessgaeChangeread">
    <skipped/>
  </testcase> <!-- @AfterClass doAfterMethod -->
  <testcase name="@BeforeClass doBeforeMethod" time="0.0" classname="Pear.news.NewsClick">
    <skipped/>
  </testcase> <!-- @BeforeClass doBeforeMethod -->
  <testcase name="@AfterClass doAfterMethod" time="0.0" classname="Pear.news.NewsClick">
    <skipped/>
  </testcase> <!-- @AfterClass doAfterMethod -->
  <testcase name="@BeforeClass doBeforeMethod" time="0.0" classname="Pear.news.PubChange">
    <skipped/>
  </testcase> <!-- @BeforeClass doBeforeMethod -->
  <testcase name="@AfterClass doAfterMethod" time="0.0" classname="Pear.news.PubChange">
    <skipped/>
  </testcase> <!-- @AfterClass doAfterMethod -->
  <testcase name="@BeforeClass doBeforeMethod" time="0.0" classname="Pear.news.PubChangeoverdue">
    <skipped/>
  </testcase> <!-- @BeforeClass doBeforeMethod -->
  <testcase name="@AfterClass doAfterMethod" time="0.0" classname="Pear.news.PubChangeoverdue">
    <skipped/>
  </testcase> <!-- @AfterClass doAfterMethod -->
  <testcase name="@BeforeClass doBeforeMethod" time="0.0" classname="Pear.news.PubChangepublished">
    <skipped/>
  </testcase> <!-- @BeforeClass doBeforeMethod -->
  <testcase name="@AfterClass doAfterMethod" time="0.0" classname="Pear.news.PubChangepublished">
    <skipped/>
  </testcase> <!-- @AfterClass doAfterMethod -->
  <testcase name="@BeforeClass doBeforeMethod" time="0.0" classname="Pear.news.PubClick">
    <skipped/>
  </testcase> <!-- @BeforeClass doBeforeMethod -->
  <testcase name="@AfterClass doAfterMethod" time="0.0" classname="Pear.news.PubClick">
    <skipped/>
  </testcase> <!-- @AfterClass doAfterMethod -->
  <testcase name="@BeforeClass doBeforeMethod" time="0.0" classname="Pear.news.PublishMessage">
    <skipped/>
  </testcase> <!-- @BeforeClass doBeforeMethod -->
  <testcase name="@AfterClass doAfterMethod" time="0.0" classname="Pear.news.PublishMessage">
    <skipped/>
  </testcase> <!-- @AfterClass doAfterMethod -->
  <testcase name="@BeforeClass doBeforeMethod" time="0.0" classname="Pear.news.PublishNews">
    <skipped/>
  </testcase> <!-- @BeforeClass doBeforeMethod -->
  <testcase name="@AfterClass doAfterMethod" time="0.0" classname="Pear.news.PublishNews">
    <skipped/>
  </testcase> <!-- @AfterClass doAfterMethod -->
  <testcase name="@BeforeClass doBeforeMethod" time="0.0" classname="Pear.news.PubRemove">
    <skipped/>
  </testcase> <!-- @BeforeClass doBeforeMethod -->
  <testcase name="@AfterClass doAfterMethod" time="0.0" classname="Pear.news.PubRemove">
    <skipped/>
  </testcase> <!-- @AfterClass doAfterMethod -->
  <testcase name="@BeforeClass doBeforeMethod" time="0.0" classname="Pear.news.PubSearch">
    <skipped/>
  </testcase> <!-- @BeforeClass doBeforeMethod -->
  <testcase name="@AfterClass doAfterMethod" time="0.0" classname="Pear.news.PubSearch">
    <skipped/>
  </testcase> <!-- @AfterClass doAfterMethod -->
  <testcase name="@BeforeClass doBeforeMethod" time="0.0" classname="Pear.news.RewriteNews">
    <skipped/>
  </testcase> <!-- @BeforeClass doBeforeMethod -->
  <testcase name="@AfterClass doAfterMethod" time="0.0" classname="Pear.news.RewriteNews">
    <skipped/>
  </testcase> <!-- @AfterClass doAfterMethod -->
  <testcase name="Login" time="10.996" classname="Pear.news.MessageChange"/>
  <testcase name="change" time="7.26" classname="Pear.news.MessageChange"/>
  <testcase name="Login" time="0.001" classname="Pear.news.MessageChangedelete">
    <skipped/>
  </testcase> <!-- Login -->
  <testcase name="change" time="0.0" classname="Pear.news.MessageChangedelete">
    <skipped/>
  </testcase> <!-- change -->
  <testcase name="Login" time="0.0" classname="Pear.news.MessageClick">
    <skipped/>
  </testcase> <!-- Login -->
  <testcase name="Click" time="0.0" classname="Pear.news.MessageClick">
    <skipped/>
  </testcase> <!-- Click -->
  <testcase name="Login" time="0.0" classname="Pear.news.MessageRemove">
    <skipped/>
  </testcase> <!-- Login -->
  <testcase name="delete" time="0.0" classname="Pear.news.MessageRemove">
    <skipped/>
  </testcase> <!-- delete -->
  <testcase name="Login" time="0.0" classname="Pear.news.MessageSearch">
    <skipped/>
  </testcase> <!-- Login -->
  <testcase name="search" time="0.0" classname="Pear.news.MessageSearch">
    <skipped/>
  </testcase> <!-- search -->
  <testcase name="Login" time="0.0" classname="Pear.news.MessgaeChangeread">
    <skipped/>
  </testcase> <!-- Login -->
  <testcase name="change" time="0.0" classname="Pear.news.MessgaeChangeread">
    <skipped/>
  </testcase> <!-- change -->
  <testcase name="Login" time="0.0" classname="Pear.news.NewsClick">
    <skipped/>
  </testcase> <!-- Login -->
  <testcase name="Click" time="0.0" classname="Pear.news.NewsClick">
    <skipped/>
  </testcase> <!-- Click -->
  <testcase name="Login" time="0.0" classname="Pear.news.PubChange">
    <skipped/>
  </testcase> <!-- Login -->
  <testcase name="change" time="0.0" classname="Pear.news.PubChange">
    <skipped/>
  </testcase> <!-- change -->
  <testcase name="Login" time="0.0" classname="Pear.news.PubChangeoverdue">
    <skipped/>
  </testcase> <!-- Login -->
  <testcase name="change" time="0.0" classname="Pear.news.PubChangeoverdue">
    <skipped/>
  </testcase> <!-- change -->
  <testcase name="Login" time="0.0" classname="Pear.news.PubChangepublished">
    <skipped/>
  </testcase> <!-- Login -->
  <testcase name="change" time="0.0" classname="Pear.news.PubChangepublished">
    <skipped/>
  </testcase> <!-- change -->
  <testcase name="Login" time="0.0" classname="Pear.news.PubClick">
    <skipped/>
  </testcase> <!-- Login -->
  <testcase name="Click" time="0.0" classname="Pear.news.PubClick">
    <skipped/>
  </testcase> <!-- Click -->
  <testcase name="Login" time="0.0" classname="Pear.news.PublishMessage">
    <skipped/>
  </testcase> <!-- Login -->
  <testcase name="publish" time="0.0" classname="Pear.news.PublishMessage">
    <skipped/>
  </testcase> <!-- publish -->
  <testcase name="Login" time="0.0" classname="Pear.news.PublishNews">
    <skipped/>
  </testcase> <!-- Login -->
  <testcase name="publish" time="0.0" classname="Pear.news.PublishNews">
    <skipped/>
  </testcase> <!-- publish -->
  <testcase name="Login" time="0.0" classname="Pear.news.PubRemove">
    <skipped/>
  </testcase> <!-- Login -->
  <testcase name="delete" time="0.0" classname="Pear.news.PubRemove">
    <skipped/>
  </testcase> <!-- delete -->
  <testcase name="Login" time="0.0" classname="Pear.news.PubSearch">
    <skipped/>
  </testcase> <!-- Login -->
  <testcase name="search" time="0.0" classname="Pear.news.PubSearch">
    <skipped/>
  </testcase> <!-- search -->
  <testcase name="Login" time="0.0" classname="Pear.news.RewriteNews">
    <skipped/>
  </testcase> <!-- Login -->
  <testcase name="rewrite" time="0.0" classname="Pear.news.RewriteNews">
    <skipped/>
  </testcase> <!-- rewrite -->
</testsuite> <!-- news -->
