<?xml version="1.0" encoding="UTF-8"?>
<!-- Generated by org.testng.reporters.JUnitXMLReporter -->
<testsuite hostname="Amanda" name="talk" tests="10" failures="1" timestamp="13 Dec 2017 01:48:06 GMT" time="16.639" errors="0">
  <testcase name="@AfterClass doAfterMethod" time="0.0" classname="Pear.talk.RepoListClick">
    <failure type="org.openqa.selenium.SessionNotCreatedException" message="Tried to run command without establishing a connection
Build info: version: &amp;apos;3.6.0&amp;apos;, revision: &amp;apos;6fbf3ec767&amp;apos;, time: &amp;apos;2017-09-27T16:15:40.131Z&amp;apos;
System info: host: &amp;apos;AMANDA&amp;apos;, ip: &amp;apos;192.168.107.1&amp;apos;, os.name: &amp;apos;Windows 10&amp;apos;, os.arch: &amp;apos;amd64&amp;apos;, os.version: &amp;apos;10.0&amp;apos;, java.version: &amp;apos;1.8.0_131&amp;apos;
Driver info: org.openqa.selenium.firefox.FirefoxDriver
Capabilities [{moz:profile=C:\Users\75910\AppData\Local\Temp\rust_mozprofile.Jcoxb5pf5Pho, rotatable=false, timeouts={implicit=0, pageLoad=300000, script=30000}, pageLoadStrategy=normal, platform=XP, specificationLevel=0, moz:accessibilityChecks=false, acceptInsecureCerts=true, browserVersion=55.0, platformVersion=10.0, moz:processID=20560, browserName=firefox, javascriptEnabled=true, platformName=XP}]
Session ID: 9b353e74-d1c0-4132-9d94-a72a32dd4573">
      <![CDATA[org.openqa.selenium.SessionNotCreatedException: Tried to run command without establishing a connection
Build info: version: '3.6.0', revision: '6fbf3ec767', time: '2017-09-27T16:15:40.131Z'
System info: host: 'AMANDA', ip: '192.168.107.1', os.name: 'Windows 10', os.arch: 'amd64', os.version: '10.0', java.version: '1.8.0_131'
Driver info: org.openqa.selenium.firefox.FirefoxDriver
Capabilities [{moz:profile=C:\Users\75910\AppData\Local\Temp\rust_mozprofile.Jcoxb5pf5Pho, rotatable=false, timeouts={implicit=0, pageLoad=300000, script=30000}, pageLoadStrategy=normal, platform=XP, specificationLevel=0, moz:accessibilityChecks=false, acceptInsecureCerts=true, browserVersion=55.0, platformVersion=10.0, moz:processID=20560, browserName=firefox, javascriptEnabled=true, platformName=XP}]
Session ID: 9b353e74-d1c0-4132-9d94-a72a32dd4573
	at org.openqa.selenium.remote.http.W3CHttpResponseCodec.createException(W3CHttpResponseCodec.java:185)
	at org.openqa.selenium.remote.http.W3CHttpResponseCodec.decode(W3CHttpResponseCodec.java:120)
	at org.openqa.selenium.remote.http.W3CHttpResponseCodec.decode(W3CHttpResponseCodec.java:49)
	at org.openqa.selenium.remote.HttpCommandExecutor.execute(HttpCommandExecutor.java:164)
	at org.openqa.selenium.remote.service.DriverCommandExecutor.execute(DriverCommandExecutor.java:83)
	at org.openqa.selenium.remote.RemoteWebDriver.execute(RemoteWebDriver.java:586)
	at org.openqa.selenium.remote.RemoteWebDriver.execute(RemoteWebDriver.java:643)
	at org.openqa.selenium.remote.RemoteWebDriver.quit(RemoteWebDriver.java:482)
	at com.webtest.core.BaseTest.doAfterMethod(Unknown Source)
... Removed 27 stack frames]]>
    </failure>
  </testcase> <!-- @AfterClass doAfterMethod -->
  <testcase name="@BeforeClass doBeforeMethod" time="0.0" classname="Pear.talk.RepoListSelect">
    <skipped/>
  </testcase> <!-- @BeforeClass doBeforeMethod -->
  <testcase name="@AfterClass doAfterMethod" time="0.0" classname="Pear.talk.RepoListSelect">
    <skipped/>
  </testcase> <!-- @AfterClass doAfterMethod -->
  <testcase name="@BeforeClass doBeforeMethod" time="0.0" classname="Pear.talk.TalkClick">
    <skipped/>
  </testcase> <!-- @BeforeClass doBeforeMethod -->
  <testcase name="@AfterClass doAfterMethod" time="0.0" classname="Pear.talk.TalkClick">
    <skipped/>
  </testcase> <!-- @AfterClass doAfterMethod -->
  <testcase name="@BeforeClass doBeforeMethod" time="0.0" classname="Pear.talk.TalkListClick">
    <skipped/>
  </testcase> <!-- @BeforeClass doBeforeMethod -->
  <testcase name="@AfterClass doAfterMethod" time="0.0" classname="Pear.talk.TalkListClick">
    <skipped/>
  </testcase> <!-- @AfterClass doAfterMethod -->
  <testcase name="@BeforeClass doBeforeMethod" time="0.0" classname="Pear.talk.TalkListSelect">
    <skipped/>
  </testcase> <!-- @BeforeClass doBeforeMethod -->
  <testcase name="@AfterClass doAfterMethod" time="0.0" classname="Pear.talk.TalkListSelect">
    <skipped/>
  </testcase> <!-- @AfterClass doAfterMethod -->
  <testcase name="Login" time="8.109" classname="Pear.talk.RepoListClick">
    <failure type="org.openqa.selenium.WebDriverException" message="Failed to decode response from marionette
Build info: version: &amp;apos;3.6.0&amp;apos;, revision: &amp;apos;6fbf3ec767&amp;apos;, time: &amp;apos;2017-09-27T16:15:40.131Z&amp;apos;
System info: host: &amp;apos;AMANDA&amp;apos;, ip: &amp;apos;192.168.107.1&amp;apos;, os.name: &amp;apos;Windows 10&amp;apos;, os.arch: &amp;apos;amd64&amp;apos;, os.version: &amp;apos;10.0&amp;apos;, java.version: &amp;apos;1.8.0_131&amp;apos;
Driver info: org.openqa.selenium.firefox.FirefoxDriver
Capabilities [{moz:profile=C:\Users\75910\AppData\Local\Temp\rust_mozprofile.Jcoxb5pf5Pho, rotatable=false, timeouts={implicit=0, pageLoad=300000, script=30000}, pageLoadStrategy=normal, platform=XP, specificationLevel=0, moz:accessibilityChecks=false, acceptInsecureCerts=true, browserVersion=55.0, platformVersion=10.0, moz:processID=20560, browserName=firefox, javascriptEnabled=true, platformName=XP}]
Session ID: 9b353e74-d1c0-4132-9d94-a72a32dd4573">
      <![CDATA[org.openqa.selenium.WebDriverException: Failed to decode response from marionette
Build info: version: '3.6.0', revision: '6fbf3ec767', time: '2017-09-27T16:15:40.131Z'
System info: host: 'AMANDA', ip: '192.168.107.1', os.name: 'Windows 10', os.arch: 'amd64', os.version: '10.0', java.version: '1.8.0_131'
Driver info: org.openqa.selenium.firefox.FirefoxDriver
Capabilities [{moz:profile=C:\Users\75910\AppData\Local\Temp\rust_mozprofile.Jcoxb5pf5Pho, rotatable=false, timeouts={implicit=0, pageLoad=300000, script=30000}, pageLoadStrategy=normal, platform=XP, specificationLevel=0, moz:accessibilityChecks=false, acceptInsecureCerts=true, browserVersion=55.0, platformVersion=10.0, moz:processID=20560, browserName=firefox, javascriptEnabled=true, platformName=XP}]
Session ID: 9b353e74-d1c0-4132-9d94-a72a32dd4573
	at org.openqa.selenium.remote.http.W3CHttpResponseCodec.createException(W3CHttpResponseCodec.java:185)
	at org.openqa.selenium.remote.http.W3CHttpResponseCodec.decode(W3CHttpResponseCodec.java:120)
	at org.openqa.selenium.remote.http.W3CHttpResponseCodec.decode(W3CHttpResponseCodec.java:49)
	at org.openqa.selenium.remote.HttpCommandExecutor.execute(HttpCommandExecutor.java:164)
	at org.openqa.selenium.remote.service.DriverCommandExecutor.execute(DriverCommandExecutor.java:83)
	at org.openqa.selenium.remote.RemoteWebDriver.execute(RemoteWebDriver.java:586)
	at org.openqa.selenium.remote.RemoteWebElement.execute(RemoteWebElement.java:279)
	at org.openqa.selenium.remote.RemoteWebElement.click(RemoteWebElement.java:83)
	at com.webtest.core.WebDriverEngine.click(Unknown Source)
	at Pear.login.PearLogin.login(Unknown Source)
	at Pear.talk.RepoListClick.Login(Unknown Source)
... Removed 27 stack frames]]>
    </failure>
  </testcase> <!-- Login -->
  <testcase name="Click" time="0.0" classname="Pear.talk.RepoListClick">
    <skipped/>
  </testcase> <!-- Click -->
  <testcase name="Login" time="0.0" classname="Pear.talk.RepoListSelect">
    <skipped/>
  </testcase> <!-- Login -->
  <testcase name="search" time="0.0" classname="Pear.talk.RepoListSelect">
    <skipped/>
  </testcase> <!-- search -->
  <testcase name="Login" time="0.0" classname="Pear.talk.TalkClick">
    <skipped/>
  </testcase> <!-- Login -->
  <testcase name="Click" time="0.0" classname="Pear.talk.TalkClick">
    <skipped/>
  </testcase> <!-- Click -->
  <testcase name="Login" time="0.0" classname="Pear.talk.TalkListClick">
    <skipped/>
  </testcase> <!-- Login -->
  <testcase name="Click" time="0.0" classname="Pear.talk.TalkListClick">
    <skipped/>
  </testcase> <!-- Click -->
  <testcase name="Login" time="0.0" classname="Pear.talk.TalkListSelect">
    <skipped/>
  </testcase> <!-- Login -->
  <testcase name="search" time="0.0" classname="Pear.talk.TalkListSelect">
    <skipped/>
  </testcase> <!-- search -->
</testsuite> <!-- talk -->
