<?xml version="1.0" encoding="UTF-8"?>
<!-- Generated by org.testng.reporters.JUnitXMLReporter -->
<testsuite hostname="Amanda" name="talk" tests="10" failures="0" timestamp="14 Dec 2017 07:00:43 GMT" time="146.759" errors="0">
  <testcase name="Login" time="10.31" classname="Pear.talk.RepoListClick"/>
  <testcase name="Click" time="6.795" classname="Pear.talk.RepoListClick"/>
  <testcase name="Login" time="10.145" classname="Pear.talk.RepoListSelect"/>
  <testcase name="search" time="10.454" classname="Pear.talk.RepoListSelect"/>
  <testcase name="Login" time="10.256" classname="Pear.talk.TalkClick"/>
  <testcase name="Click" time="3.308" classname="Pear.talk.TalkClick"/>
  <testcase name="Login" time="10.535" classname="Pear.talk.TalkListClick"/>
  <testcase name="Click" time="6.764" classname="Pear.talk.TalkListClick"/>
  <testcase name="Login" time="11.276" classname="Pear.talk.TalkListSelect"/>
  <testcase name="search" time="10.273" classname="Pear.talk.TalkListSelect"/>
</testsuite> <!-- talk -->
