<?xml version="1.0" encoding="UTF-8"?>
<testng-results skipped="0" failed="0" ignored="0" total="2" passed="2">
  <reporter-output>
  </reporter-output>
  <suite name="Default suite" duration-ms="42255" started-at="2017-11-29T01:57:17Z" finished-at="2017-11-29T01:58:00Z">
    <groups>
    </groups>
    <test name="Default test" duration-ms="42255" started-at="2017-11-29T01:57:17Z" finished-at="2017-11-29T01:58:00Z">
      <class name="Pear.news.MessageChange">
        <test-method status="PASS" signature="doBeforeMethod()[pri:0, instance:Pear.news.MessageChange@2b98378d]" name="doBeforeMethod" is-config="true" duration-ms="8367" started-at="2017-11-29T09:57:17Z" finished-at="2017-11-29T09:57:26Z">
          <reporter-output>
          </reporter-output>
        </test-method> <!-- doBeforeMethod -->
        <test-method status="PASS" signature="Login()[pri:0, instance:Pear.news.MessageChange@2b98378d]" name="Login" duration-ms="13136" started-at="2017-11-29T09:57:26Z" finished-at="2017-11-29T09:57:39Z">
          <reporter-output>
          </reporter-output>
        </test-method> <!-- Login -->
        <test-method status="PASS" signature="change()[pri:0, instance:Pear.news.MessageChange@2b98378d]" name="change" duration-ms="20716" started-at="2017-11-29T09:57:39Z" depends-on-methods="Pear.news.MessageChange.Login" finished-at="2017-11-29T09:58:00Z">
          <reporter-output>
          </reporter-output>
        </test-method> <!-- change -->
      </class> <!-- Pear.news.MessageChange -->
    </test> <!-- Default test -->
  </suite> <!-- Default suite -->
</testng-results>
