<?xml version="1.0" encoding="UTF-8"?>
<testng-results skipped="0" failed="0" total="1" passed="1">
  <reporter-output>
  </reporter-output>
  <suite name="Suite2" duration-ms="21175" started-at="2017-12-08T02:44:50Z" finished-at="2017-12-08T02:45:11Z">
    <groups>
    </groups>
    <test name="Test" duration-ms="21175" started-at="2017-12-08T02:44:50Z" finished-at="2017-12-08T02:45:11Z">
      <class name="com.webtest.mail.SendMail">
        <test-method status="PASS" signature="send()[pri:0, instance:com.webtest.mail.SendMail@224aed64]" name="send" duration-ms="21159" started-at="2017-12-08T10:44:50Z" finished-at="2017-12-08T10:45:11Z">
          <reporter-output>
          </reporter-output>
        </test-method> <!-- send -->
      </class> <!-- com.webtest.mail.SendMail -->
    </test> <!-- Test -->
  </suite> <!-- Suite2 -->
</testng-results>
