<?xml version="1.0" encoding="UTF-8"?>
<testng-results skipped="0" failed="0" ignored="0" total="2" passed="2">
  <reporter-output>
  </reporter-output>
  <suite name="Default suite" duration-ms="32263" started-at="2017-11-24T01:27:40Z" finished-at="2017-11-24T01:28:12Z">
    <groups>
    </groups>
    <test name="Default test" duration-ms="32263" started-at="2017-11-24T01:27:40Z" finished-at="2017-11-24T01:28:12Z">
      <class name="Pear.talk.RepoListSelect">
        <test-method status="PASS" signature="doBeforeMethod()[pri:0, instance:Pear.talk.RepoListSelect@2b98378d]" name="doBeforeMethod" is-config="true" duration-ms="8873" started-at="2017-11-24T09:27:40Z" finished-at="2017-11-24T09:27:48Z">
          <reporter-output>
          </reporter-output>
        </test-method> <!-- doBeforeMethod -->
        <test-method status="PASS" signature="Login()[pri:0, instance:Pear.talk.RepoListSelect@2b98378d]" name="Login" duration-ms="13042" started-at="2017-11-24T09:27:48Z" finished-at="2017-11-24T09:28:01Z">
          <reporter-output>
          </reporter-output>
        </test-method> <!-- Login -->
        <test-method status="PASS" signature="Click()[pri:0, instance:Pear.talk.RepoListSelect@2b98378d]" name="Click" duration-ms="10313" started-at="2017-11-24T09:28:02Z" depends-on-methods="Pear.talk.RepoListSelect.Login" finished-at="2017-11-24T09:28:12Z">
          <reporter-output>
          </reporter-output>
        </test-method> <!-- Click -->
      </class> <!-- Pear.talk.RepoListSelect -->
    </test> <!-- Default test -->
  </suite> <!-- Default suite -->
</testng-results>
