<?xml version="1.0" encoding="UTF-8"?>
<testng-results skipped="0" failed="0" ignored="0" total="1" passed="1">
  <reporter-output>
  </reporter-output>
  <suite name="Default suite" duration-ms="18918" started-at="2017-11-21T02:50:19Z" finished-at="2017-11-21T02:50:38Z">
    <groups>
    </groups>
    <test name="Default test" duration-ms="18918" started-at="2017-11-21T02:50:19Z" finished-at="2017-11-21T02:50:38Z">
      <class name="Pear.login.TestLogin">
        <test-method status="PASS" signature="doBeforeMethod()[pri:0, instance:Pear.login.TestLogin@457e2f02]" name="doBeforeMethod" is-config="true" duration-ms="10247" started-at="2017-11-21T10:50:19Z" finished-at="2017-11-21T10:50:29Z">
          <reporter-output>
          </reporter-output>
        </test-method> <!-- doBeforeMethod -->
        <test-method status="PASS" signature="testlogin()[pri:0, instance:Pear.login.TestLogin@457e2f02]" name="testlogin" duration-ms="8634" started-at="2017-11-21T10:50:29Z" finished-at="2017-11-21T10:50:38Z">
          <reporter-output>
          </reporter-output>
        </test-method> <!-- testlogin -->
      </class> <!-- Pear.login.TestLogin -->
    </test> <!-- Default test -->
  </suite> <!-- Default suite -->
</testng-results>
