<?xml version="1.0" encoding="UTF-8"?>
<testng-results skipped="0" failed="0" total="1" passed="1">
  <reporter-output>
  </reporter-output>
  <suite name="Suite" duration-ms="4696" started-at="2017-12-11T13:52:43Z" finished-at="2017-12-11T13:52:48Z">
    <groups>
    </groups>
    <test name="Test" duration-ms="4696" started-at="2017-12-11T13:52:43Z" finished-at="2017-12-11T13:52:48Z">
      <class name="com.webtest.mail.SendMail">
        <test-method status="PASS" signature="send()[pri:0, instance:com.webtest.mail.SendMail@224aed64]" name="send" duration-ms="4696" started-at="2017-12-11T21:52:43Z" finished-at="2017-12-11T21:52:48Z">
          <reporter-output>
          </reporter-output>
        </test-method> <!-- send -->
      </class> <!-- com.webtest.mail.SendMail -->
    </test> <!-- Test -->
  </suite> <!-- Suite -->
</testng-results>
