<?xml version="1.0" encoding="UTF-8"?>
<!-- Generated by org.testng.reporters.JUnitXMLReporter -->
<testsuite hostname="Amanda" ignored="0" name="Default test" tests="9" failures="0" timestamp="29 十一月 2017 08:56:02 GMT" time="140.319" errors="0">
  <testcase name="Login" time="14.939" classname="Pear.news.PublishMessage"/>
  <testcase name="publish" time="14.413" classname="Pear.news.PublishMessage"/>
  <testcase name="publish" time="14.192" classname="Pear.news.PublishMessage"/>
  <testcase name="publish" time="14.3" classname="Pear.news.PublishMessage"/>
  <testcase name="publish" time="14.357" classname="Pear.news.PublishMessage"/>
  <testcase name="publish" time="14.361" classname="Pear.news.PublishMessage"/>
  <testcase name="publish" time="14.667" classname="Pear.news.PublishMessage"/>
  <testcase name="publish" time="14.467" classname="Pear.news.PublishMessage"/>
  <testcase name="publish" time="14.314" classname="Pear.news.PublishMessage"/>
</testsuite> <!-- Default test -->
